<?xml version="1.0" encoding="UTF-8"?>
<!-- Generated by org.testng.reporters.JUnitReportReporter -->
<testsuite hostname="DESKTOP-GR9A418" failures="0" tests="1" name="runner.Runner" time="23.403" errors="0" timestamp="2024-07-15T17:07:36 IST" skipped="0">
  <testcase classname="runner.Runner" name="runScenario" time="23.403"/>
  <system-out/>
</testsuite> <!-- runner.Runner -->
