<?xml version="1.0" encoding="UTF-8"?>
<!-- Generated by org.testng.reporters.JUnitReportReporter -->
<testsuite hostname="DESKTOP-GR9A418" failures="0" tests="1" name="testCasePackage.LoginPage" time="8.959" errors="0" timestamp="2024-07-15T10:57:11 IST" skipped="0">
  <testcase classname="testCasePackage.LoginPage" name="validatelogins" time="8.959"/>
  <system-out/>
</testsuite> <!-- testCasePackage.LoginPage -->
