<?xml version="1.0" encoding="UTF-8"?>
<!-- Generated by org.testng.reporters.JUnitReportReporter -->
<testsuite hostname="DESKTOP-GR9A418" failures="0" tests="1" name="data.DataDriven" time="1.480" errors="0" timestamp="2024-07-15T14:31:51 IST" skipped="0">
  <testcase classname="data.DataDriven" name="datadrivenSetup" time="1.480"/>
  <system-out/>
</testsuite> <!-- data.DataDriven -->
