<?xml version="1.0" encoding="UTF-8"?>
<!-- Generated by org.testng.reporters.JUnitReportReporter -->
<testsuite hostname="DESKTOP-GR9A418" failures="0" tests="1" name="testCasePackage.TC_002_DASHBOARD" time="24.120" errors="0" timestamp="2024-07-15T18:12:04 IST" skipped="0">
  <testcase classname="testCasePackage.TC_002_DASHBOARD" name="verifyDashboard" time="24.120"/>
  <system-out/>
</testsuite> <!-- testCasePackage.TC_002_DASHBOARD -->
