<?xml version="1.0" encoding="UTF-8"?>
<!-- Generated by org.testng.reporters.JUnitReportReporter -->
<testsuite hostname="DESKTOP-GR9A418" failures="0" tests="1" name="testCasePackage.TC_001_LOGIN" time="17.222" errors="0" timestamp="2024-07-15T18:12:04 IST" skipped="0">
  <testcase classname="testCasePackage.TC_001_LOGIN" name="validateloginPage" time="17.222"/>
  <system-out/>
</testsuite> <!-- testCasePackage.TC_001_LOGIN -->
